TN:
SF:/home/joeeasy/Desktop/greg/store-management/server/server.js
FN:14,(anonymous_1)
FN:29,(anonymous_2)
FNF:2
FNH:1
FNDA:0,(anonymous_1)
FNDA:1,(anonymous_2)
DA:1,1
DA:2,1
DA:4,1
DA:5,1
DA:7,1
DA:9,1
DA:11,1
DA:12,1
DA:14,1
DA:19,1
DA:20,1
DA:21,1
DA:22,1
DA:25,1
DA:26,1
DA:27,1
DA:29,1
DA:30,1
LF:18
LH:18
BRF:0
BRH:0
end_of_record
TN:
SF:/home/joeeasy/Desktop/greg/store-management/server/controllers/ProductController.js
FN:77,(anonymous_12)
FNF:1
FNH:0
FNDA:0,(anonymous_12)
DA:1,1
DA:3,1
DA:18,2
DA:26,2
DA:28,2
DA:29,2
DA:32,2
DA:33,1
DA:36,1
DA:38,1
DA:39,1
DA:42,0
DA:49,1
DA:52,1
DA:53,1
DA:57,1
DA:59,0
DA:66,1
DA:67,1
DA:69,1
DA:72,1
DA:73,1
DA:77,0
DA:78,0
DA:79,0
DA:80,0
DA:83,0
DA:84,0
DA:87,0
DA:90,0
LF:30
LH:20
BRDA:18,0,0,2
BRDA:18,0,1,2
BRDA:32,1,0,1
BRDA:32,1,1,1
BRDA:38,2,0,1
BRDA:38,2,1,0
BRDA:52,3,0,1
BRDA:52,3,1,0
BRDA:72,4,0,1
BRDA:72,4,1,0
BRDA:78,5,0,0
BRDA:78,5,1,0
BRDA:83,6,0,0
BRDA:83,6,1,0
BRF:14
BRH:7
end_of_record
TN:
SF:/home/joeeasy/Desktop/greg/store-management/server/controllers/SalesController.js
FNF:0
FNH:0
DA:1,1
DA:2,1
DA:16,1
DA:20,2
DA:22,2
DA:23,2
DA:26,2
DA:27,1
DA:30,1
DA:32,1
DA:33,1
DA:36,0
DA:40,1
DA:43,1
DA:44,1
DA:50,1
DA:53,0
LF:17
LH:15
BRDA:16,0,0,1
BRDA:16,0,1,1
BRDA:26,1,0,1
BRDA:26,1,1,1
BRDA:32,2,0,1
BRDA:32,2,1,0
BRDA:43,3,0,1
BRDA:43,3,1,0
BRF:8
BRH:6
end_of_record
TN:
SF:/home/joeeasy/Desktop/greg/store-management/server/dummy-data/productDb.js
FNF:0
FNH:0
DA:1,1
LF:1
LH:1
BRF:0
BRH:0
end_of_record
TN:
SF:/home/joeeasy/Desktop/greg/store-management/server/dummy-data/salesDb.js
FNF:0
FNH:0
DA:1,1
LF:1
LH:1
BRF:0
BRH:0
end_of_record
TN:
SF:/home/joeeasy/Desktop/greg/store-management/server/helpers/helpers.js
FN:2,parsedInt
FN:5,success
FN:9,error
FN:13,find
FN:13,(anonymous_4)
FN:15,isValid
FNF:6
FNH:6
FNDA:5,parsedInt
FNDA:7,success
FNDA:3,error
FNDA:2,find
FNDA:2,(anonymous_4)
FNDA:2,isValid
DA:2,5
DA:5,7
DA:9,3
DA:13,2
DA:15,1
DA:16,2
DA:17,2
DA:19,2
LF:8
LH:8
BRDA:2,0,0,3
BRDA:2,0,1,2
BRDA:17,1,0,2
BRDA:17,1,1,0
BRF:4
BRH:3
end_of_record
TN:
SF:/home/joeeasy/Desktop/greg/store-management/server/test/test.js
FN:10,(anonymous_1)
FN:11,(anonymous_2)
FN:14,(anonymous_3)
FN:23,(anonymous_4)
FN:26,(anonymous_5)
FN:34,(anonymous_6)
FN:37,(anonymous_7)
FN:45,(anonymous_8)
FN:49,(anonymous_9)
FN:72,(anonymous_10)
FN:75,(anonymous_11)
FN:78,(anonymous_12)
FN:88,(anonymous_13)
FN:89,(anonymous_14)
FN:92,(anonymous_15)
FN:100,(anonymous_16)
FN:103,(anonymous_17)
FN:112,(anonymous_18)
FN:115,(anonymous_19)
FN:124,(anonymous_20)
FN:127,(anonymous_21)
FNF:21
FNH:21
FNDA:1,(anonymous_1)
FNDA:1,(anonymous_2)
FNDA:1,(anonymous_3)
FNDA:1,(anonymous_4)
FNDA:1,(anonymous_5)
FNDA:1,(anonymous_6)
FNDA:1,(anonymous_7)
FNDA:1,(anonymous_8)
FNDA:1,(anonymous_9)
FNDA:1,(anonymous_10)
FNDA:1,(anonymous_11)
FNDA:1,(anonymous_12)
FNDA:1,(anonymous_13)
FNDA:1,(anonymous_14)
FNDA:1,(anonymous_15)
FNDA:1,(anonymous_16)
FNDA:1,(anonymous_17)
FNDA:1,(anonymous_18)
FNDA:1,(anonymous_19)
FNDA:1,(anonymous_20)
FNDA:1,(anonymous_21)
DA:1,1
DA:2,1
DA:3,1
DA:5,1
DA:7,1
DA:10,1
DA:11,1
DA:12,1
DA:15,1
DA:16,1
DA:17,1
DA:18,1
DA:23,1
DA:24,1
DA:27,1
DA:28,1
DA:29,1
DA:30,1
DA:34,1
DA:35,1
DA:38,1
DA:39,1
DA:40,1
DA:41,1
DA:45,1
DA:46,1
DA:50,1
DA:51,1
DA:52,1
DA:53,1
DA:54,1
DA:55,1
DA:72,1
DA:73,1
DA:76,1
DA:79,1
DA:80,1
DA:81,1
DA:88,1
DA:89,1
DA:90,1
DA:93,1
DA:94,1
DA:95,1
DA:96,1
DA:100,1
DA:101,1
DA:104,1
DA:105,1
DA:106,1
DA:107,1
DA:108,1
DA:112,1
DA:113,1
DA:116,1
DA:117,1
DA:118,1
DA:119,1
DA:120,1
DA:124,1
DA:125,1
DA:128,1
DA:129,1
DA:130,1
DA:131,1
DA:132,1
DA:133,1
LF:67
LH:67
BRF:0
BRH:0
end_of_record
